<?xml version="1.0" encoding="UTF-8"?>
<!-- Generated by org.testng.reporters.JUnitReportReporter -->
<testsuite hostname="DESKTOP-1CN1EB2" failures="0" tests="2" name="com.softtest.unixtest.inspectionUnixPage" time="0.042" errors="1" timestamp="2025-03-15T03:32:49 EET" skipped="1">
  <testcase classname="com.softtest.unixtest.inspectionUnixPage" name="driverConfigurationAndTimeout" time="0.042">
    <error type="java.lang.ExceptionInInitializerError">
      <![CDATA[java.lang.ExceptionInInitializerError
at utils.TestRunner.driverConfigurationAndTimeout(TestRunner.java:19)
at java.base/jdk.internal.reflect.DirectMethodHandleAccessor.invoke(DirectMethodHandleAccessor.java:103)
at java.base/java.lang.reflect.Method.invoke(Method.java:580)
at org.testng.internal.invokers.MethodInvocationHelper.invokeMethod(MethodInvocationHelper.java:141)
at org.testng.internal.invokers.MethodInvocationHelper.invokeMethodConsideringTimeout(MethodInvocationHelper.java:71)
at org.testng.internal.invokers.ConfigInvoker.invokeConfigurationMethod(ConfigInvoker.java:400)
at org.testng.internal.invokers.ConfigInvoker.invokeConfigurations(ConfigInvoker.java:333)
at org.testng.SuiteRunner.privateRun(SuiteRunner.java:358)
at org.testng.SuiteRunner.run(SuiteRunner.java:312)
at org.testng.SuiteRunnerWorker.runSuite(SuiteRunnerWorker.java:52)
at org.testng.SuiteRunnerWorker.run(SuiteRunnerWorker.java:95)
at org.testng.TestNG.runSuitesSequentially(TestNG.java:1274)
at org.testng.TestNG.runSuitesLocally(TestNG.java:1208)
at org.testng.TestNG.runSuites(TestNG.java:1112)
at org.testng.TestNG.run(TestNG.java:1079)
at org.testng.remote.AbstractRemoteTestNG.run(AbstractRemoteTestNG.java:115)
at org.testng.remote.RemoteTestNG.initAndRun(RemoteTestNG.java:293)
at org.testng.remote.RemoteTestNG.main(RemoteTestNG.java:91)
Caused by: java.util.MissingResourceException: Can't find bundle for base name config, locale uk_UA
at java.base/java.util.ResourceBundle.throwMissingResourceException(ResourceBundle.java:2059)
at java.base/java.util.ResourceBundle.getBundleImpl(ResourceBundle.java:1697)
at java.base/java.util.ResourceBundle.getBundleImpl(ResourceBundle.java:1600)
at java.base/java.util.ResourceBundle.getBundleImpl(ResourceBundle.java:1555)
at java.base/java.util.ResourceBundle.getBundle(ResourceBundle.java:861)
at com.softtest.unix.PropertyUtil.<clinit>(PropertyUtil.java:9)
... 18 more
]]>
    </error>
  </testcase> <!-- driverConfigurationAndTimeout -->
  <testcase classname="com.softtest.unixtest.inspectionUnixPage" name="verifyHeader" time="0.000">
    <skipped/>
  </testcase> <!-- verifyHeader -->
</testsuite> <!-- com.softtest.unixtest.inspectionUnixPage -->
